<?xml version="1.0" encoding="UTF-8"?>
<testsuite xmlns:xsi="http://www.w3.org/2001/XMLSchema-instance" xsi:noNamespaceSchemaLocation="https://maven.apache.org/surefire/maven-surefire-plugin/xsd/surefire-test-report.xsd" name="io.swagger.api.ToDoApiControllerIntegrationTest" time="5.615" tests="7" errors="0" skipped="0" failures="0">
  <properties>
[...]
</properties>
  <testcase name="loginTest" classname="io.swagger.api.ToDoApiControllerIntegrationTest" time="0.426"/>
  <testcase name="addTaskTest" classname="io.swagger.api.ToDoApiControllerIntegrationTest" time="0.01"/>
  <testcase name="getTasksTest" classname="io.swagger.api.ToDoApiControllerIntegrationTest" time="0.009"/>
  <testcase name="updateTaskTest" classname="io.swagger.api.ToDoApiControllerIntegrationTest" time="0"/>
  <testcase name="createUserTest" classname="io.swagger.api.ToDoApiControllerIntegrationTest" time="0.01"/>
  <testcase name="searchInventoryTest" classname="io.swagger.api.ToDoApiControllerIntegrationTest" time="0.009"/>
  <testcase name="deleteTaskTest" classname="io.swagger.api.ToDoApiControllerIntegrationTest" time="0.002"/>
</testsuite>